E0127 09:35:57.788366    4309 dev.go:83] Failed to load initial config from "/home/zakariya/SkillSwap/dataconnect": could not find dataconnect.yaml in `/home/zakariya/SkillSwap/dataconnect`
E0127 09:35:57.789440    4309 watch.go:116] watchAllDir unable to walk dir `/home/zakariya/SkillSwap/dataconnect`: lstat /home/zakariya/SkillSwap/dataconnect: no such file or directory
I0127 09:35:57.790211    4309 dev.go:104] Listening on address (HTTP + gRPC): 127.0.0.1:50001
E0127 09:36:07.803909    4309 watch.go:40] Failed to load config from "/home/zakariya/SkillSwap/dataconnect": could not find dataconnect.yaml in `/home/zakariya/SkillSwap/dataconnect`
E0127 09:36:17.798979    4309 watch.go:40] Failed to load config from "/home/zakariya/SkillSwap/dataconnect": could not find dataconnect.yaml in `/home/zakariya/SkillSwap/dataconnect`
E0127 09:36:27.790705    4309 watch.go:40] Failed to load config from "/home/zakariya/SkillSwap/dataconnect": could not find dataconnect.yaml in `/home/zakariya/SkillSwap/dataconnect`
E0127 09:36:37.799375    4309 watch.go:40] Failed to load config from "/home/zakariya/SkillSwap/dataconnect": could not find dataconnect.yaml in `/home/zakariya/SkillSwap/dataconnect`
E0127 09:36:47.799606    4309 watch.go:40] Failed to load config from "/home/zakariya/SkillSwap/dataconnect": could not find dataconnect.yaml in `/home/zakariya/SkillSwap/dataconnect`
E0127 09:36:57.789825    4309 watch.go:116] watchAllDir unable to walk dir `/home/zakariya/SkillSwap/dataconnect`: lstat /home/zakariya/SkillSwap/dataconnect: no such file or directory
E0127 09:36:57.789855    4309 watch.go:40] Failed to load config from "/home/zakariya/SkillSwap/dataconnect": could not find dataconnect.yaml in `/home/zakariya/SkillSwap/dataconnect`
E0127 09:37:07.798773    4309 watch.go:40] Failed to load config from "/home/zakariya/SkillSwap/dataconnect": could not find dataconnect.yaml in `/home/zakariya/SkillSwap/dataconnect`
E0127 09:37:17.799051    4309 watch.go:40] Failed to load config from "/home/zakariya/SkillSwap/dataconnect": could not find dataconnect.yaml in `/home/zakariya/SkillSwap/dataconnect`
E0127 09:37:27.789982    4309 watch.go:40] Failed to load config from "/home/zakariya/SkillSwap/dataconnect": could not find dataconnect.yaml in `/home/zakariya/SkillSwap/dataconnect`
E0127 09:37:37.799295    4309 watch.go:40] Failed to load config from "/home/zakariya/SkillSwap/dataconnect": could not find dataconnect.yaml in `/home/zakariya/SkillSwap/dataconnect`
E0127 09:37:47.798897    4309 watch.go:40] Failed to load config from "/home/zakariya/SkillSwap/dataconnect": could not find dataconnect.yaml in `/home/zakariya/SkillSwap/dataconnect`
E0127 09:37:57.791092    4309 watch.go:116] watchAllDir unable to walk dir `/home/zakariya/SkillSwap/dataconnect`: lstat /home/zakariya/SkillSwap/dataconnect: no such file or directory
E0127 09:37:57.791143    4309 watch.go:40] Failed to load config from "/home/zakariya/SkillSwap/dataconnect": could not find dataconnect.yaml in `/home/zakariya/SkillSwap/dataconnect`
E0127 09:38:07.789854    4309 watch.go:40] Failed to load config from "/home/zakariya/SkillSwap/dataconnect": could not find dataconnect.yaml in `/home/zakariya/SkillSwap/dataconnect`
E0127 09:38:17.798983    4309 watch.go:40] Failed to load config from "/home/zakariya/SkillSwap/dataconnect": could not find dataconnect.yaml in `/home/zakariya/SkillSwap/dataconnect`
E0127 09:38:27.790205    4309 watch.go:40] Failed to load config from "/home/zakariya/SkillSwap/dataconnect": could not find dataconnect.yaml in `/home/zakariya/SkillSwap/dataconnect`
E0127 09:38:37.789901    4309 watch.go:40] Failed to load config from "/home/zakariya/SkillSwap/dataconnect": could not find dataconnect.yaml in `/home/zakariya/SkillSwap/dataconnect`
E0127 09:38:47.799188    4309 watch.go:40] Failed to load config from "/home/zakariya/SkillSwap/dataconnect": could not find dataconnect.yaml in `/home/zakariya/SkillSwap/dataconnect`
E0127 09:38:57.789805    4309 watch.go:116] watchAllDir unable to walk dir `/home/zakariya/SkillSwap/dataconnect`: lstat /home/zakariya/SkillSwap/dataconnect: no such file or directory
E0127 09:38:57.789917    4309 watch.go:40] Failed to load config from "/home/zakariya/SkillSwap/dataconnect": could not find dataconnect.yaml in `/home/zakariya/SkillSwap/dataconnect`
E0127 09:39:07.799166    4309 watch.go:40] Failed to load config from "/home/zakariya/SkillSwap/dataconnect": could not find dataconnect.yaml in `/home/zakariya/SkillSwap/dataconnect`
E0127 09:39:17.799449    4309 watch.go:40] Failed to load config from "/home/zakariya/SkillSwap/dataconnect": could not find dataconnect.yaml in `/home/zakariya/SkillSwap/dataconnect`
E0127 09:39:27.790035    4309 watch.go:40] Failed to load config from "/home/zakariya/SkillSwap/dataconnect": could not find dataconnect.yaml in `/home/zakariya/SkillSwap/dataconnect`
E0127 09:39:37.799273    4309 watch.go:40] Failed to load config from "/home/zakariya/SkillSwap/dataconnect": could not find dataconnect.yaml in `/home/zakariya/SkillSwap/dataconnect`
E0127 09:39:47.799582    4309 watch.go:40] Failed to load config from "/home/zakariya/SkillSwap/dataconnect": could not find dataconnect.yaml in `/home/zakariya/SkillSwap/dataconnect`
E0127 09:39:57.790217    4309 watch.go:116] watchAllDir unable to walk dir `/home/zakariya/SkillSwap/dataconnect`: lstat /home/zakariya/SkillSwap/dataconnect: no such file or directory
E0127 09:39:57.790322    4309 watch.go:40] Failed to load config from "/home/zakariya/SkillSwap/dataconnect": could not find dataconnect.yaml in `/home/zakariya/SkillSwap/dataconnect`
E0127 09:40:07.790513    4309 watch.go:40] Failed to load config from "/home/zakariya/SkillSwap/dataconnect": could not find dataconnect.yaml in `/home/zakariya/SkillSwap/dataconnect`
E0127 09:40:17.789985    4309 watch.go:40] Failed to load config from "/home/zakariya/SkillSwap/dataconnect": could not find dataconnect.yaml in `/home/zakariya/SkillSwap/dataconnect`
E0127 09:40:27.790466    4309 watch.go:40] Failed to load config from "/home/zakariya/SkillSwap/dataconnect": could not find dataconnect.yaml in `/home/zakariya/SkillSwap/dataconnect`
E0127 09:40:37.792463    4309 watch.go:40] Failed to load config from "/home/zakariya/SkillSwap/dataconnect": could not find dataconnect.yaml in `/home/zakariya/SkillSwap/dataconnect`
E0127 09:40:47.794416    4309 watch.go:40] Failed to load config from "/home/zakariya/SkillSwap/dataconnect": could not find dataconnect.yaml in `/home/zakariya/SkillSwap/dataconnect`
E0127 09:40:57.790250    4309 watch.go:40] Failed to load config from "/home/zakariya/SkillSwap/dataconnect": could not find dataconnect.yaml in `/home/zakariya/SkillSwap/dataconnect`
E0127 09:40:57.790149    4309 watch.go:116] watchAllDir unable to walk dir `/home/zakariya/SkillSwap/dataconnect`: lstat /home/zakariya/SkillSwap/dataconnect: no such file or directory
E0127 09:41:07.798848    4309 watch.go:40] Failed to load config from "/home/zakariya/SkillSwap/dataconnect": could not find dataconnect.yaml in `/home/zakariya/SkillSwap/dataconnect`
E0127 09:41:17.798722    4309 watch.go:40] Failed to load config from "/home/zakariya/SkillSwap/dataconnect": could not find dataconnect.yaml in `/home/zakariya/SkillSwap/dataconnect`
E0127 09:41:27.789959    4309 watch.go:40] Failed to load config from "/home/zakariya/SkillSwap/dataconnect": could not find dataconnect.yaml in `/home/zakariya/SkillSwap/dataconnect`
E0127 09:41:37.798858    4309 watch.go:40] Failed to load config from "/home/zakariya/SkillSwap/dataconnect": could not find dataconnect.yaml in `/home/zakariya/SkillSwap/dataconnect`
E0127 09:41:47.798780    4309 watch.go:40] Failed to load config from "/home/zakariya/SkillSwap/dataconnect": could not find dataconnect.yaml in `/home/zakariya/SkillSwap/dataconnect`
E0127 09:41:57.789593    4309 watch.go:116] watchAllDir unable to walk dir `/home/zakariya/SkillSwap/dataconnect`: lstat /home/zakariya/SkillSwap/dataconnect: no such file or directory
E0127 09:41:57.789725    4309 watch.go:40] Failed to load config from "/home/zakariya/SkillSwap/dataconnect": could not find dataconnect.yaml in `/home/zakariya/SkillSwap/dataconnect`
E0127 09:42:07.792630    4309 watch.go:40] Failed to load config from "/home/zakariya/SkillSwap/dataconnect": could not find dataconnect.yaml in `/home/zakariya/SkillSwap/dataconnect`
E0127 09:42:17.789760    4309 watch.go:40] Failed to load config from "/home/zakariya/SkillSwap/dataconnect": could not find dataconnect.yaml in `/home/zakariya/SkillSwap/dataconnect`
E0127 09:42:27.791095    4309 watch.go:40] Failed to load config from "/home/zakariya/SkillSwap/dataconnect": could not find dataconnect.yaml in `/home/zakariya/SkillSwap/dataconnect`
E0127 09:42:37.798784    4309 watch.go:40] Failed to load config from "/home/zakariya/SkillSwap/dataconnect": could not find dataconnect.yaml in `/home/zakariya/SkillSwap/dataconnect`
E0127 09:42:47.798765    4309 watch.go:40] Failed to load config from "/home/zakariya/SkillSwap/dataconnect": could not find dataconnect.yaml in `/home/zakariya/SkillSwap/dataconnect`
E0127 09:42:57.789864    4309 watch.go:116] watchAllDir unable to walk dir `/home/zakariya/SkillSwap/dataconnect`: lstat /home/zakariya/SkillSwap/dataconnect: no such file or directory
E0127 09:42:57.789957    4309 watch.go:40] Failed to load config from "/home/zakariya/SkillSwap/dataconnect": could not find dataconnect.yaml in `/home/zakariya/SkillSwap/dataconnect`
E0127 09:43:07.798751    4309 watch.go:40] Failed to load config from "/home/zakariya/SkillSwap/dataconnect": could not find dataconnect.yaml in `/home/zakariya/SkillSwap/dataconnect`
E0127 09:43:17.798724    4309 watch.go:40] Failed to load config from "/home/zakariya/SkillSwap/dataconnect": could not find dataconnect.yaml in `/home/zakariya/SkillSwap/dataconnect`
E0127 09:43:27.789713    4309 watch.go:40] Failed to load config from "/home/zakariya/SkillSwap/dataconnect": could not find dataconnect.yaml in `/home/zakariya/SkillSwap/dataconnect`
E0127 09:43:37.797789    4309 watch.go:40] Failed to load config from "/home/zakariya/SkillSwap/dataconnect": could not find dataconnect.yaml in `/home/zakariya/SkillSwap/dataconnect`
E0127 09:43:47.798761    4309 watch.go:40] Failed to load config from "/home/zakariya/SkillSwap/dataconnect": could not find dataconnect.yaml in `/home/zakariya/SkillSwap/dataconnect`
E0127 09:43:57.790232    4309 watch.go:116] watchAllDir unable to walk dir `/home/zakariya/SkillSwap/dataconnect`: lstat /home/zakariya/SkillSwap/dataconnect: no such file or directory
E0127 09:43:57.790332    4309 watch.go:40] Failed to load config from "/home/zakariya/SkillSwap/dataconnect": could not find dataconnect.yaml in `/home/zakariya/SkillSwap/dataconnect`
E0127 09:44:07.798918    4309 watch.go:40] Failed to load config from "/home/zakariya/SkillSwap/dataconnect": could not find dataconnect.yaml in `/home/zakariya/SkillSwap/dataconnect`
E0127 09:44:17.790214    4309 watch.go:40] Failed to load config from "/home/zakariya/SkillSwap/dataconnect": could not find dataconnect.yaml in `/home/zakariya/SkillSwap/dataconnect`
E0127 09:44:27.789904    4309 watch.go:40] Failed to load config from "/home/zakariya/SkillSwap/dataconnect": could not find dataconnect.yaml in `/home/zakariya/SkillSwap/dataconnect`
E0127 09:44:37.798729    4309 watch.go:40] Failed to load config from "/home/zakariya/SkillSwap/dataconnect": could not find dataconnect.yaml in `/home/zakariya/SkillSwap/dataconnect`
E0127 09:44:47.798788    4309 watch.go:40] Failed to load config from "/home/zakariya/SkillSwap/dataconnect": could not find dataconnect.yaml in `/home/zakariya/SkillSwap/dataconnect`
E0127 09:44:57.790073    4309 watch.go:116] watchAllDir unable to walk dir `/home/zakariya/SkillSwap/dataconnect`: lstat /home/zakariya/SkillSwap/dataconnect: no such file or directory
E0127 09:44:57.790217    4309 watch.go:40] Failed to load config from "/home/zakariya/SkillSwap/dataconnect": could not find dataconnect.yaml in `/home/zakariya/SkillSwap/dataconnect`
E0127 09:45:07.798792    4309 watch.go:40] Failed to load config from "/home/zakariya/SkillSwap/dataconnect": could not find dataconnect.yaml in `/home/zakariya/SkillSwap/dataconnect`
E0127 09:45:17.798894    4309 watch.go:40] Failed to load config from "/home/zakariya/SkillSwap/dataconnect": could not find dataconnect.yaml in `/home/zakariya/SkillSwap/dataconnect`
E0127 09:45:27.789825    4309 watch.go:40] Failed to load config from "/home/zakariya/SkillSwap/dataconnect": could not find dataconnect.yaml in `/home/zakariya/SkillSwap/dataconnect`
E0127 09:45:37.798706    4309 watch.go:40] Failed to load config from "/home/zakariya/SkillSwap/dataconnect": could not find dataconnect.yaml in `/home/zakariya/SkillSwap/dataconnect`
E0127 09:45:47.798701    4309 watch.go:40] Failed to load config from "/home/zakariya/SkillSwap/dataconnect": could not find dataconnect.yaml in `/home/zakariya/SkillSwap/dataconnect`
E0127 09:45:57.789885    4309 watch.go:116] watchAllDir unable to walk dir `/home/zakariya/SkillSwap/dataconnect`: lstat /home/zakariya/SkillSwap/dataconnect: no such file or directory
E0127 09:45:57.789934    4309 watch.go:40] Failed to load config from "/home/zakariya/SkillSwap/dataconnect": could not find dataconnect.yaml in `/home/zakariya/SkillSwap/dataconnect`
E0127 09:46:07.798727    4309 watch.go:40] Failed to load config from "/home/zakariya/SkillSwap/dataconnect": could not find dataconnect.yaml in `/home/zakariya/SkillSwap/dataconnect`
E0127 09:46:17.798754    4309 watch.go:40] Failed to load config from "/home/zakariya/SkillSwap/dataconnect": could not find dataconnect.yaml in `/home/zakariya/SkillSwap/dataconnect`
E0127 09:46:27.789645    4309 watch.go:40] Failed to load config from "/home/zakariya/SkillSwap/dataconnect": could not find dataconnect.yaml in `/home/zakariya/SkillSwap/dataconnect`
E0127 09:46:37.798793    4309 watch.go:40] Failed to load config from "/home/zakariya/SkillSwap/dataconnect": could not find dataconnect.yaml in `/home/zakariya/SkillSwap/dataconnect`
E0127 09:46:47.798784    4309 watch.go:40] Failed to load config from "/home/zakariya/SkillSwap/dataconnect": could not find dataconnect.yaml in `/home/zakariya/SkillSwap/dataconnect`
E0127 09:46:57.790078    4309 watch.go:116] watchAllDir unable to walk dir `/home/zakariya/SkillSwap/dataconnect`: lstat /home/zakariya/SkillSwap/dataconnect: no such file or directory
E0127 09:46:57.790315    4309 watch.go:40] Failed to load config from "/home/zakariya/SkillSwap/dataconnect": could not find dataconnect.yaml in `/home/zakariya/SkillSwap/dataconnect`
E0127 09:47:07.798774    4309 watch.go:40] Failed to load config from "/home/zakariya/SkillSwap/dataconnect": could not find dataconnect.yaml in `/home/zakariya/SkillSwap/dataconnect`
E0127 09:47:17.798802    4309 watch.go:40] Failed to load config from "/home/zakariya/SkillSwap/dataconnect": could not find dataconnect.yaml in `/home/zakariya/SkillSwap/dataconnect`
E0127 09:47:27.790344    4309 watch.go:40] Failed to load config from "/home/zakariya/SkillSwap/dataconnect": could not find dataconnect.yaml in `/home/zakariya/SkillSwap/dataconnect`
E0127 09:47:37.799536    4309 watch.go:40] Failed to load config from "/home/zakariya/SkillSwap/dataconnect": could not find dataconnect.yaml in `/home/zakariya/SkillSwap/dataconnect`
E0127 09:47:47.790687    4309 watch.go:40] Failed to load config from "/home/zakariya/SkillSwap/dataconnect": could not find dataconnect.yaml in `/home/zakariya/SkillSwap/dataconnect`
E0127 09:47:57.789900    4309 watch.go:116] watchAllDir unable to walk dir `/home/zakariya/SkillSwap/dataconnect`: lstat /home/zakariya/SkillSwap/dataconnect: no such file or directory
E0127 09:47:57.790005    4309 watch.go:40] Failed to load config from "/home/zakariya/SkillSwap/dataconnect": could not find dataconnect.yaml in `/home/zakariya/SkillSwap/dataconnect`
E0127 09:48:07.798844    4309 watch.go:40] Failed to load config from "/home/zakariya/SkillSwap/dataconnect": could not find dataconnect.yaml in `/home/zakariya/SkillSwap/dataconnect`
E0127 09:48:17.795164    4309 watch.go:40] Failed to load config from "/home/zakariya/SkillSwap/dataconnect": could not find dataconnect.yaml in `/home/zakariya/SkillSwap/dataconnect`
E0127 09:48:27.795710    4309 watch.go:40] Failed to load config from "/home/zakariya/SkillSwap/dataconnect": could not find dataconnect.yaml in `/home/zakariya/SkillSwap/dataconnect`
E0127 09:48:37.789835    4309 watch.go:40] Failed to load config from "/home/zakariya/SkillSwap/dataconnect": could not find dataconnect.yaml in `/home/zakariya/SkillSwap/dataconnect`
E0127 09:48:47.798729    4309 watch.go:40] Failed to load config from "/home/zakariya/SkillSwap/dataconnect": could not find dataconnect.yaml in `/home/zakariya/SkillSwap/dataconnect`
E0127 09:48:57.790210    4309 watch.go:116] watchAllDir unable to walk dir `/home/zakariya/SkillSwap/dataconnect`: lstat /home/zakariya/SkillSwap/dataconnect: no such file or directory
E0127 09:48:57.790322    4309 watch.go:40] Failed to load config from "/home/zakariya/SkillSwap/dataconnect": could not find dataconnect.yaml in `/home/zakariya/SkillSwap/dataconnect`
E0127 09:49:07.798815    4309 watch.go:40] Failed to load config from "/home/zakariya/SkillSwap/dataconnect": could not find dataconnect.yaml in `/home/zakariya/SkillSwap/dataconnect`
E0127 09:49:17.798736    4309 watch.go:40] Failed to load config from "/home/zakariya/SkillSwap/dataconnect": could not find dataconnect.yaml in `/home/zakariya/SkillSwap/dataconnect`
E0127 09:49:27.790001    4309 watch.go:40] Failed to load config from "/home/zakariya/SkillSwap/dataconnect": could not find dataconnect.yaml in `/home/zakariya/SkillSwap/dataconnect`
E0127 09:49:37.799099    4309 watch.go:40] Failed to load config from "/home/zakariya/SkillSwap/dataconnect": could not find dataconnect.yaml in `/home/zakariya/SkillSwap/dataconnect`
E0127 09:49:47.798943    4309 watch.go:40] Failed to load config from "/home/zakariya/SkillSwap/dataconnect": could not find dataconnect.yaml in `/home/zakariya/SkillSwap/dataconnect`
E0127 09:49:57.789956    4309 watch.go:116] watchAllDir unable to walk dir `/home/zakariya/SkillSwap/dataconnect`: lstat /home/zakariya/SkillSwap/dataconnect: no such file or directory
E0127 09:49:57.790019    4309 watch.go:40] Failed to load config from "/home/zakariya/SkillSwap/dataconnect": could not find dataconnect.yaml in `/home/zakariya/SkillSwap/dataconnect`
E0127 09:50:07.798779    4309 watch.go:40] Failed to load config from "/home/zakariya/SkillSwap/dataconnect": could not find dataconnect.yaml in `/home/zakariya/SkillSwap/dataconnect`
E0127 09:50:17.798765    4309 watch.go:40] Failed to load config from "/home/zakariya/SkillSwap/dataconnect": could not find dataconnect.yaml in `/home/zakariya/SkillSwap/dataconnect`
E0127 09:50:27.790136    4309 watch.go:40] Failed to load config from "/home/zakariya/SkillSwap/dataconnect": could not find dataconnect.yaml in `/home/zakariya/SkillSwap/dataconnect`
E0127 09:50:37.790129    4309 watch.go:40] Failed to load config from "/home/zakariya/SkillSwap/dataconnect": could not find dataconnect.yaml in `/home/zakariya/SkillSwap/dataconnect`
E0127 09:50:47.789761    4309 watch.go:40] Failed to load config from "/home/zakariya/SkillSwap/dataconnect": could not find dataconnect.yaml in `/home/zakariya/SkillSwap/dataconnect`
E0127 09:50:57.789811    4309 watch.go:116] watchAllDir unable to walk dir `/home/zakariya/SkillSwap/dataconnect`: lstat /home/zakariya/SkillSwap/dataconnect: no such file or directory
E0127 09:50:57.789890    4309 watch.go:40] Failed to load config from "/home/zakariya/SkillSwap/dataconnect": could not find dataconnect.yaml in `/home/zakariya/SkillSwap/dataconnect`
E0127 09:51:07.798931    4309 watch.go:40] Failed to load config from "/home/zakariya/SkillSwap/dataconnect": could not find dataconnect.yaml in `/home/zakariya/SkillSwap/dataconnect`
E0127 09:51:17.798831    4309 watch.go:40] Failed to load config from "/home/zakariya/SkillSwap/dataconnect": could not find dataconnect.yaml in `/home/zakariya/SkillSwap/dataconnect`
E0127 09:51:27.789908    4309 watch.go:40] Failed to load config from "/home/zakariya/SkillSwap/dataconnect": could not find dataconnect.yaml in `/home/zakariya/SkillSwap/dataconnect`
E0127 09:51:37.798748    4309 watch.go:40] Failed to load config from "/home/zakariya/SkillSwap/dataconnect": could not find dataconnect.yaml in `/home/zakariya/SkillSwap/dataconnect`
E0127 09:51:47.798760    4309 watch.go:40] Failed to load config from "/home/zakariya/SkillSwap/dataconnect": could not find dataconnect.yaml in `/home/zakariya/SkillSwap/dataconnect`
E0127 09:51:57.789886    4309 watch.go:116] watchAllDir unable to walk dir `/home/zakariya/SkillSwap/dataconnect`: lstat /home/zakariya/SkillSwap/dataconnect: no such file or directory
E0127 09:51:57.789958    4309 watch.go:40] Failed to load config from "/home/zakariya/SkillSwap/dataconnect": could not find dataconnect.yaml in `/home/zakariya/SkillSwap/dataconnect`
E0127 09:52:07.796801    4309 watch.go:40] Failed to load config from "/home/zakariya/SkillSwap/dataconnect": could not find dataconnect.yaml in `/home/zakariya/SkillSwap/dataconnect`
E0127 09:52:17.798846    4309 watch.go:40] Failed to load config from "/home/zakariya/SkillSwap/dataconnect": could not find dataconnect.yaml in `/home/zakariya/SkillSwap/dataconnect`
E0127 09:52:27.790022    4309 watch.go:40] Failed to load config from "/home/zakariya/SkillSwap/dataconnect": could not find dataconnect.yaml in `/home/zakariya/SkillSwap/dataconnect`
E0127 09:52:37.798782    4309 watch.go:40] Failed to load config from "/home/zakariya/SkillSwap/dataconnect": could not find dataconnect.yaml in `/home/zakariya/SkillSwap/dataconnect`
E0127 09:52:47.790379    4309 watch.go:40] Failed to load config from "/home/zakariya/SkillSwap/dataconnect": could not find dataconnect.yaml in `/home/zakariya/SkillSwap/dataconnect`
E0127 09:52:57.789840    4309 watch.go:116] watchAllDir unable to walk dir `/home/zakariya/SkillSwap/dataconnect`: lstat /home/zakariya/SkillSwap/dataconnect: no such file or directory
E0127 09:52:57.789915    4309 watch.go:40] Failed to load config from "/home/zakariya/SkillSwap/dataconnect": could not find dataconnect.yaml in `/home/zakariya/SkillSwap/dataconnect`
E0127 09:53:07.798825    4309 watch.go:40] Failed to load config from "/home/zakariya/SkillSwap/dataconnect": could not find dataconnect.yaml in `/home/zakariya/SkillSwap/dataconnect`
E0127 09:53:17.797921    4309 watch.go:40] Failed to load config from "/home/zakariya/SkillSwap/dataconnect": could not find dataconnect.yaml in `/home/zakariya/SkillSwap/dataconnect`
E0127 09:53:27.790021    4309 watch.go:40] Failed to load config from "/home/zakariya/SkillSwap/dataconnect": could not find dataconnect.yaml in `/home/zakariya/SkillSwap/dataconnect`
E0127 09:53:37.798852    4309 watch.go:40] Failed to load config from "/home/zakariya/SkillSwap/dataconnect": could not find dataconnect.yaml in `/home/zakariya/SkillSwap/dataconnect`
E0127 09:53:47.798781    4309 watch.go:40] Failed to load config from "/home/zakariya/SkillSwap/dataconnect": could not find dataconnect.yaml in `/home/zakariya/SkillSwap/dataconnect`
E0127 09:53:57.790089    4309 watch.go:116] watchAllDir unable to walk dir `/home/zakariya/SkillSwap/dataconnect`: lstat /home/zakariya/SkillSwap/dataconnect: no such file or directory
E0127 09:53:57.790230    4309 watch.go:40] Failed to load config from "/home/zakariya/SkillSwap/dataconnect": could not find dataconnect.yaml in `/home/zakariya/SkillSwap/dataconnect`
E0127 09:54:07.798735    4309 watch.go:40] Failed to load config from "/home/zakariya/SkillSwap/dataconnect": could not find dataconnect.yaml in `/home/zakariya/SkillSwap/dataconnect`
E0127 09:54:17.798718    4309 watch.go:40] Failed to load config from "/home/zakariya/SkillSwap/dataconnect": could not find dataconnect.yaml in `/home/zakariya/SkillSwap/dataconnect`
E0127 09:54:27.789897    4309 watch.go:40] Failed to load config from "/home/zakariya/SkillSwap/dataconnect": could not find dataconnect.yaml in `/home/zakariya/SkillSwap/dataconnect`
E0127 09:54:37.799046    4309 watch.go:40] Failed to load config from "/home/zakariya/SkillSwap/dataconnect": could not find dataconnect.yaml in `/home/zakariya/SkillSwap/dataconnect`
E0127 09:54:47.798761    4309 watch.go:40] Failed to load config from "/home/zakariya/SkillSwap/dataconnect": could not find dataconnect.yaml in `/home/zakariya/SkillSwap/dataconnect`
E0127 09:54:57.789703    4309 watch.go:116] watchAllDir unable to walk dir `/home/zakariya/SkillSwap/dataconnect`: lstat /home/zakariya/SkillSwap/dataconnect: no such file or directory
E0127 09:54:57.789830    4309 watch.go:40] Failed to load config from "/home/zakariya/SkillSwap/dataconnect": could not find dataconnect.yaml in `/home/zakariya/SkillSwap/dataconnect`
E0127 09:55:07.798969    4309 watch.go:40] Failed to load config from "/home/zakariya/SkillSwap/dataconnect": could not find dataconnect.yaml in `/home/zakariya/SkillSwap/dataconnect`
E0127 09:55:17.798908    4309 watch.go:40] Failed to load config from "/home/zakariya/SkillSwap/dataconnect": could not find dataconnect.yaml in `/home/zakariya/SkillSwap/dataconnect`
E0127 09:55:27.789846    4309 watch.go:40] Failed to load config from "/home/zakariya/SkillSwap/dataconnect": could not find dataconnect.yaml in `/home/zakariya/SkillSwap/dataconnect`
E0127 09:55:37.798739    4309 watch.go:40] Failed to load config from "/home/zakariya/SkillSwap/dataconnect": could not find dataconnect.yaml in `/home/zakariya/SkillSwap/dataconnect`
E0127 09:55:47.798745    4309 watch.go:40] Failed to load config from "/home/zakariya/SkillSwap/dataconnect": could not find dataconnect.yaml in `/home/zakariya/SkillSwap/dataconnect`
E0127 09:55:57.790088    4309 watch.go:116] watchAllDir unable to walk dir `/home/zakariya/SkillSwap/dataconnect`: lstat /home/zakariya/SkillSwap/dataconnect: no such file or directory
E0127 09:55:57.790182    4309 watch.go:40] Failed to load config from "/home/zakariya/SkillSwap/dataconnect": could not find dataconnect.yaml in `/home/zakariya/SkillSwap/dataconnect`
E0127 09:56:07.798844    4309 watch.go:40] Failed to load config from "/home/zakariya/SkillSwap/dataconnect": could not find dataconnect.yaml in `/home/zakariya/SkillSwap/dataconnect`
E0127 09:56:17.798779    4309 watch.go:40] Failed to load config from "/home/zakariya/SkillSwap/dataconnect": could not find dataconnect.yaml in `/home/zakariya/SkillSwap/dataconnect`
E0127 09:56:27.789942    4309 watch.go:40] Failed to load config from "/home/zakariya/SkillSwap/dataconnect": could not find dataconnect.yaml in `/home/zakariya/SkillSwap/dataconnect`
E0127 09:56:37.798864    4309 watch.go:40] Failed to load config from "/home/zakariya/SkillSwap/dataconnect": could not find dataconnect.yaml in `/home/zakariya/SkillSwap/dataconnect`
E0127 09:56:47.798753    4309 watch.go:40] Failed to load config from "/home/zakariya/SkillSwap/dataconnect": could not find dataconnect.yaml in `/home/zakariya/SkillSwap/dataconnect`
E0127 09:56:57.789818    4309 watch.go:40] Failed to load config from "/home/zakariya/SkillSwap/dataconnect": could not find dataconnect.yaml in `/home/zakariya/SkillSwap/dataconnect`
E0127 09:56:57.795207    4309 watch.go:116] watchAllDir unable to walk dir `/home/zakariya/SkillSwap/dataconnect`: lstat /home/zakariya/SkillSwap/dataconnect: no such file or directory
E0127 09:57:07.790022    4309 watch.go:40] Failed to load config from "/home/zakariya/SkillSwap/dataconnect": could not find dataconnect.yaml in `/home/zakariya/SkillSwap/dataconnect`
E0127 09:57:17.798897    4309 watch.go:40] Failed to load config from "/home/zakariya/SkillSwap/dataconnect": could not find dataconnect.yaml in `/home/zakariya/SkillSwap/dataconnect`
E0127 09:57:27.790405    4309 watch.go:40] Failed to load config from "/home/zakariya/SkillSwap/dataconnect": could not find dataconnect.yaml in `/home/zakariya/SkillSwap/dataconnect`
E0127 09:57:37.799673    4309 watch.go:40] Failed to load config from "/home/zakariya/SkillSwap/dataconnect": could not find dataconnect.yaml in `/home/zakariya/SkillSwap/dataconnect`
E0127 09:57:47.798850    4309 watch.go:40] Failed to load config from "/home/zakariya/SkillSwap/dataconnect": could not find dataconnect.yaml in `/home/zakariya/SkillSwap/dataconnect`
E0127 09:57:57.789889    4309 watch.go:116] watchAllDir unable to walk dir `/home/zakariya/SkillSwap/dataconnect`: lstat /home/zakariya/SkillSwap/dataconnect: no such file or directory
E0127 09:57:57.789979    4309 watch.go:40] Failed to load config from "/home/zakariya/SkillSwap/dataconnect": could not find dataconnect.yaml in `/home/zakariya/SkillSwap/dataconnect`
E0127 09:58:07.798758    4309 watch.go:40] Failed to load config from "/home/zakariya/SkillSwap/dataconnect": could not find dataconnect.yaml in `/home/zakariya/SkillSwap/dataconnect`
E0127 09:58:17.798872    4309 watch.go:40] Failed to load config from "/home/zakariya/SkillSwap/dataconnect": could not find dataconnect.yaml in `/home/zakariya/SkillSwap/dataconnect`
E0127 09:58:27.789858    4309 watch.go:40] Failed to load config from "/home/zakariya/SkillSwap/dataconnect": could not find dataconnect.yaml in `/home/zakariya/SkillSwap/dataconnect`
E0127 09:58:37.798800    4309 watch.go:40] Failed to load config from "/home/zakariya/SkillSwap/dataconnect": could not find dataconnect.yaml in `/home/zakariya/SkillSwap/dataconnect`
E0127 09:58:47.798785    4309 watch.go:40] Failed to load config from "/home/zakariya/SkillSwap/dataconnect": could not find dataconnect.yaml in `/home/zakariya/SkillSwap/dataconnect`
E0127 09:58:57.790048    4309 watch.go:116] watchAllDir unable to walk dir `/home/zakariya/SkillSwap/dataconnect`: lstat /home/zakariya/SkillSwap/dataconnect: no such file or directory
E0127 09:58:57.790123    4309 watch.go:40] Failed to load config from "/home/zakariya/SkillSwap/dataconnect": could not find dataconnect.yaml in `/home/zakariya/SkillSwap/dataconnect`
E0127 09:59:07.790261    4309 watch.go:40] Failed to load config from "/home/zakariya/SkillSwap/dataconnect": could not find dataconnect.yaml in `/home/zakariya/SkillSwap/dataconnect`
E0127 09:59:17.789693    4309 watch.go:40] Failed to load config from "/home/zakariya/SkillSwap/dataconnect": could not find dataconnect.yaml in `/home/zakariya/SkillSwap/dataconnect`
E0127 09:59:27.790038    4309 watch.go:40] Failed to load config from "/home/zakariya/SkillSwap/dataconnect": could not find dataconnect.yaml in `/home/zakariya/SkillSwap/dataconnect`
E0127 09:59:37.798802    4309 watch.go:40] Failed to load config from "/home/zakariya/SkillSwap/dataconnect": could not find dataconnect.yaml in `/home/zakariya/SkillSwap/dataconnect`
E0127 09:59:47.794714    4309 watch.go:40] Failed to load config from "/home/zakariya/SkillSwap/dataconnect": could not find dataconnect.yaml in `/home/zakariya/SkillSwap/dataconnect`
E0127 09:59:57.790080    4309 watch.go:116] watchAllDir unable to walk dir `/home/zakariya/SkillSwap/dataconnect`: lstat /home/zakariya/SkillSwap/dataconnect: no such file or directory
E0127 09:59:57.790211    4309 watch.go:40] Failed to load config from "/home/zakariya/SkillSwap/dataconnect": could not find dataconnect.yaml in `/home/zakariya/SkillSwap/dataconnect`
E0127 10:00:07.798787    4309 watch.go:40] Failed to load config from "/home/zakariya/SkillSwap/dataconnect": could not find dataconnect.yaml in `/home/zakariya/SkillSwap/dataconnect`
E0127 10:00:17.798771    4309 watch.go:40] Failed to load config from "/home/zakariya/SkillSwap/dataconnect": could not find dataconnect.yaml in `/home/zakariya/SkillSwap/dataconnect`
E0127 10:00:27.790023    4309 watch.go:40] Failed to load config from "/home/zakariya/SkillSwap/dataconnect": could not find dataconnect.yaml in `/home/zakariya/SkillSwap/dataconnect`
E0127 10:00:37.798800    4309 watch.go:40] Failed to load config from "/home/zakariya/SkillSwap/dataconnect": could not find dataconnect.yaml in `/home/zakariya/SkillSwap/dataconnect`
E0127 10:00:47.798967    4309 watch.go:40] Failed to load config from "/home/zakariya/SkillSwap/dataconnect": could not find dataconnect.yaml in `/home/zakariya/SkillSwap/dataconnect`
E0127 10:00:57.790174    4309 watch.go:116] watchAllDir unable to walk dir `/home/zakariya/SkillSwap/dataconnect`: lstat /home/zakariya/SkillSwap/dataconnect: no such file or directory
E0127 10:00:57.790265    4309 watch.go:40] Failed to load config from "/home/zakariya/SkillSwap/dataconnect": could not find dataconnect.yaml in `/home/zakariya/SkillSwap/dataconnect`
E0127 10:01:07.798780    4309 watch.go:40] Failed to load config from "/home/zakariya/SkillSwap/dataconnect": could not find dataconnect.yaml in `/home/zakariya/SkillSwap/dataconnect`
E0127 10:01:17.790214    4309 watch.go:40] Failed to load config from "/home/zakariya/SkillSwap/dataconnect": could not find dataconnect.yaml in `/home/zakariya/SkillSwap/dataconnect`
E0127 10:01:27.790115    4309 watch.go:40] Failed to load config from "/home/zakariya/SkillSwap/dataconnect": could not find dataconnect.yaml in `/home/zakariya/SkillSwap/dataconnect`
E0127 10:01:37.798789    4309 watch.go:40] Failed to load config from "/home/zakariya/SkillSwap/dataconnect": could not find dataconnect.yaml in `/home/zakariya/SkillSwap/dataconnect`
E0127 10:01:47.798791    4309 watch.go:40] Failed to load config from "/home/zakariya/SkillSwap/dataconnect": could not find dataconnect.yaml in `/home/zakariya/SkillSwap/dataconnect`
E0127 10:01:57.789893    4309 watch.go:116] watchAllDir unable to walk dir `/home/zakariya/SkillSwap/dataconnect`: lstat /home/zakariya/SkillSwap/dataconnect: no such file or directory
E0127 10:01:57.790007    4309 watch.go:40] Failed to load config from "/home/zakariya/SkillSwap/dataconnect": could not find dataconnect.yaml in `/home/zakariya/SkillSwap/dataconnect`
E0127 10:02:07.798778    4309 watch.go:40] Failed to load config from "/home/zakariya/SkillSwap/dataconnect": could not find dataconnect.yaml in `/home/zakariya/SkillSwap/dataconnect`
E0127 10:02:17.798775    4309 watch.go:40] Failed to load config from "/home/zakariya/SkillSwap/dataconnect": could not find dataconnect.yaml in `/home/zakariya/SkillSwap/dataconnect`
E0127 10:02:27.790066    4309 watch.go:40] Failed to load config from "/home/zakariya/SkillSwap/dataconnect": could not find dataconnect.yaml in `/home/zakariya/SkillSwap/dataconnect`
E0127 10:02:37.798868    4309 watch.go:40] Failed to load config from "/home/zakariya/SkillSwap/dataconnect": could not find dataconnect.yaml in `/home/zakariya/SkillSwap/dataconnect`
E0127 10:02:47.797044    4309 watch.go:40] Failed to load config from "/home/zakariya/SkillSwap/dataconnect": could not find dataconnect.yaml in `/home/zakariya/SkillSwap/dataconnect`
E0127 10:02:57.790195    4309 watch.go:116] watchAllDir unable to walk dir `/home/zakariya/SkillSwap/dataconnect`: lstat /home/zakariya/SkillSwap/dataconnect: no such file or directory
E0127 10:02:57.790295    4309 watch.go:40] Failed to load config from "/home/zakariya/SkillSwap/dataconnect": could not find dataconnect.yaml in `/home/zakariya/SkillSwap/dataconnect`
E0127 10:03:07.794666    4309 watch.go:40] Failed to load config from "/home/zakariya/SkillSwap/dataconnect": could not find dataconnect.yaml in `/home/zakariya/SkillSwap/dataconnect`
E0127 10:03:17.798944    4309 watch.go:40] Failed to load config from "/home/zakariya/SkillSwap/dataconnect": could not find dataconnect.yaml in `/home/zakariya/SkillSwap/dataconnect`
E0127 10:03:27.789757    4309 watch.go:40] Failed to load config from "/home/zakariya/SkillSwap/dataconnect": could not find dataconnect.yaml in `/home/zakariya/SkillSwap/dataconnect`
E0127 10:03:37.799023    4309 watch.go:40] Failed to load config from "/home/zakariya/SkillSwap/dataconnect": could not find dataconnect.yaml in `/home/zakariya/SkillSwap/dataconnect`
E0127 10:03:47.798779    4309 watch.go:40] Failed to load config from "/home/zakariya/SkillSwap/dataconnect": could not find dataconnect.yaml in `/home/zakariya/SkillSwap/dataconnect`
E0127 10:03:57.790260    4309 watch.go:116] watchAllDir unable to walk dir `/home/zakariya/SkillSwap/dataconnect`: lstat /home/zakariya/SkillSwap/dataconnect: no such file or directory
E0127 10:03:57.790370    4309 watch.go:40] Failed to load config from "/home/zakariya/SkillSwap/dataconnect": could not find dataconnect.yaml in `/home/zakariya/SkillSwap/dataconnect`
E0127 10:04:07.798841    4309 watch.go:40] Failed to load config from "/home/zakariya/SkillSwap/dataconnect": could not find dataconnect.yaml in `/home/zakariya/SkillSwap/dataconnect`
E0127 10:04:17.798751    4309 watch.go:40] Failed to load config from "/home/zakariya/SkillSwap/dataconnect": could not find dataconnect.yaml in `/home/zakariya/SkillSwap/dataconnect`
E0127 10:04:27.790048    4309 watch.go:40] Failed to load config from "/home/zakariya/SkillSwap/dataconnect": could not find dataconnect.yaml in `/home/zakariya/SkillSwap/dataconnect`
E0127 10:04:37.798771    4309 watch.go:40] Failed to load config from "/home/zakariya/SkillSwap/dataconnect": could not find dataconnect.yaml in `/home/zakariya/SkillSwap/dataconnect`
E0127 10:04:47.799238    4309 watch.go:40] Failed to load config from "/home/zakariya/SkillSwap/dataconnect": could not find dataconnect.yaml in `/home/zakariya/SkillSwap/dataconnect`
E0127 10:04:57.790008    4309 watch.go:116] watchAllDir unable to walk dir `/home/zakariya/SkillSwap/dataconnect`: lstat /home/zakariya/SkillSwap/dataconnect: no such file or directory
E0127 10:04:57.790299    4309 watch.go:40] Failed to load config from "/home/zakariya/SkillSwap/dataconnect": could not find dataconnect.yaml in `/home/zakariya/SkillSwap/dataconnect`
E0127 10:05:07.799483    4309 watch.go:40] Failed to load config from "/home/zakariya/SkillSwap/dataconnect": could not find dataconnect.yaml in `/home/zakariya/SkillSwap/dataconnect`
E0127 10:05:17.798843    4309 watch.go:40] Failed to load config from "/home/zakariya/SkillSwap/dataconnect": could not find dataconnect.yaml in `/home/zakariya/SkillSwap/dataconnect`
E0127 10:05:27.790153    4309 watch.go:40] Failed to load config from "/home/zakariya/SkillSwap/dataconnect": could not find dataconnect.yaml in `/home/zakariya/SkillSwap/dataconnect`
E0127 10:05:37.789677    4309 watch.go:40] Failed to load config from "/home/zakariya/SkillSwap/dataconnect": could not find dataconnect.yaml in `/home/zakariya/SkillSwap/dataconnect`
E0127 10:05:47.798774    4309 watch.go:40] Failed to load config from "/home/zakariya/SkillSwap/dataconnect": could not find dataconnect.yaml in `/home/zakariya/SkillSwap/dataconnect`
E0127 10:05:57.789925    4309 watch.go:116] watchAllDir unable to walk dir `/home/zakariya/SkillSwap/dataconnect`: lstat /home/zakariya/SkillSwap/dataconnect: no such file or directory
E0127 10:05:57.789993    4309 watch.go:40] Failed to load config from "/home/zakariya/SkillSwap/dataconnect": could not find dataconnect.yaml in `/home/zakariya/SkillSwap/dataconnect`
E0127 10:06:07.798886    4309 watch.go:40] Failed to load config from "/home/zakariya/SkillSwap/dataconnect": could not find dataconnect.yaml in `/home/zakariya/SkillSwap/dataconnect`
E0127 10:06:17.799086    4309 watch.go:40] Failed to load config from "/home/zakariya/SkillSwap/dataconnect": could not find dataconnect.yaml in `/home/zakariya/SkillSwap/dataconnect`
E0127 10:06:27.790072    4309 watch.go:40] Failed to load config from "/home/zakariya/SkillSwap/dataconnect": could not find dataconnect.yaml in `/home/zakariya/SkillSwap/dataconnect`
E0127 10:06:37.798780    4309 watch.go:40] Failed to load config from "/home/zakariya/SkillSwap/dataconnect": could not find dataconnect.yaml in `/home/zakariya/SkillSwap/dataconnect`
E0127 10:06:47.798767    4309 watch.go:40] Failed to load config from "/home/zakariya/SkillSwap/dataconnect": could not find dataconnect.yaml in `/home/zakariya/SkillSwap/dataconnect`
E0127 10:06:57.790321    4309 watch.go:116] watchAllDir unable to walk dir `/home/zakariya/SkillSwap/dataconnect`: lstat /home/zakariya/SkillSwap/dataconnect: no such file or directory
E0127 10:06:57.790427    4309 watch.go:40] Failed to load config from "/home/zakariya/SkillSwap/dataconnect": could not find dataconnect.yaml in `/home/zakariya/SkillSwap/dataconnect`
E0127 10:07:07.798865    4309 watch.go:40] Failed to load config from "/home/zakariya/SkillSwap/dataconnect": could not find dataconnect.yaml in `/home/zakariya/SkillSwap/dataconnect`
E0127 10:07:17.798934    4309 watch.go:40] Failed to load config from "/home/zakariya/SkillSwap/dataconnect": could not find dataconnect.yaml in `/home/zakariya/SkillSwap/dataconnect`
E0127 10:07:27.789972    4309 watch.go:40] Failed to load config from "/home/zakariya/SkillSwap/dataconnect": could not find dataconnect.yaml in `/home/zakariya/SkillSwap/dataconnect`
E0127 10:07:37.790389    4309 watch.go:40] Failed to load config from "/home/zakariya/SkillSwap/dataconnect": could not find dataconnect.yaml in `/home/zakariya/SkillSwap/dataconnect`
E0127 10:07:47.789881    4309 watch.go:40] Failed to load config from "/home/zakariya/SkillSwap/dataconnect": could not find dataconnect.yaml in `/home/zakariya/SkillSwap/dataconnect`
E0127 10:07:57.790257    4309 watch.go:40] Failed to load config from "/home/zakariya/SkillSwap/dataconnect": could not find dataconnect.yaml in `/home/zakariya/SkillSwap/dataconnect`
E0127 10:07:57.790202    4309 watch.go:116] watchAllDir unable to walk dir `/home/zakariya/SkillSwap/dataconnect`: lstat /home/zakariya/SkillSwap/dataconnect: no such file or directory
E0127 10:08:07.798881    4309 watch.go:40] Failed to load config from "/home/zakariya/SkillSwap/dataconnect": could not find dataconnect.yaml in `/home/zakariya/SkillSwap/dataconnect`
E0127 10:08:17.798830    4309 watch.go:40] Failed to load config from "/home/zakariya/SkillSwap/dataconnect": could not find dataconnect.yaml in `/home/zakariya/SkillSwap/dataconnect`
E0127 10:08:27.789965    4309 watch.go:40] Failed to load config from "/home/zakariya/SkillSwap/dataconnect": could not find dataconnect.yaml in `/home/zakariya/SkillSwap/dataconnect`
E0127 10:08:37.798916    4309 watch.go:40] Failed to load config from "/home/zakariya/SkillSwap/dataconnect": could not find dataconnect.yaml in `/home/zakariya/SkillSwap/dataconnect`
E0127 10:08:47.798874    4309 watch.go:40] Failed to load config from "/home/zakariya/SkillSwap/dataconnect": could not find dataconnect.yaml in `/home/zakariya/SkillSwap/dataconnect`
E0127 10:08:57.789934    4309 watch.go:116] watchAllDir unable to walk dir `/home/zakariya/SkillSwap/dataconnect`: lstat /home/zakariya/SkillSwap/dataconnect: no such file or directory
E0127 10:08:57.790029    4309 watch.go:40] Failed to load config from "/home/zakariya/SkillSwap/dataconnect": could not find dataconnect.yaml in `/home/zakariya/SkillSwap/dataconnect`
E0127 10:09:07.790163    4309 watch.go:40] Failed to load config from "/home/zakariya/SkillSwap/dataconnect": could not find dataconnect.yaml in `/home/zakariya/SkillSwap/dataconnect`
E0127 10:09:17.798773    4309 watch.go:40] Failed to load config from "/home/zakariya/SkillSwap/dataconnect": could not find dataconnect.yaml in `/home/zakariya/SkillSwap/dataconnect`
E0127 10:09:27.790037    4309 watch.go:40] Failed to load config from "/home/zakariya/SkillSwap/dataconnect": could not find dataconnect.yaml in `/home/zakariya/SkillSwap/dataconnect`
E0127 10:09:37.798856    4309 watch.go:40] Failed to load config from "/home/zakariya/SkillSwap/dataconnect": could not find dataconnect.yaml in `/home/zakariya/SkillSwap/dataconnect`
E0127 10:09:47.790167    4309 watch.go:40] Failed to load config from "/home/zakariya/SkillSwap/dataconnect": could not find dataconnect.yaml in `/home/zakariya/SkillSwap/dataconnect`
E0127 10:09:57.790038    4309 watch.go:116] watchAllDir unable to walk dir `/home/zakariya/SkillSwap/dataconnect`: lstat /home/zakariya/SkillSwap/dataconnect: no such file or directory
E0127 10:09:57.790180    4309 watch.go:40] Failed to load config from "/home/zakariya/SkillSwap/dataconnect": could not find dataconnect.yaml in `/home/zakariya/SkillSwap/dataconnect`
E0127 10:10:07.798752    4309 watch.go:40] Failed to load config from "/home/zakariya/SkillSwap/dataconnect": could not find dataconnect.yaml in `/home/zakariya/SkillSwap/dataconnect`
E0127 10:10:17.798817    4309 watch.go:40] Failed to load config from "/home/zakariya/SkillSwap/dataconnect": could not find dataconnect.yaml in `/home/zakariya/SkillSwap/dataconnect`
E0127 10:10:27.790013    4309 watch.go:40] Failed to load config from "/home/zakariya/SkillSwap/dataconnect": could not find dataconnect.yaml in `/home/zakariya/SkillSwap/dataconnect`
E0127 10:10:37.798815    4309 watch.go:40] Failed to load config from "/home/zakariya/SkillSwap/dataconnect": could not find dataconnect.yaml in `/home/zakariya/SkillSwap/dataconnect`
E0127 10:10:47.799195    4309 watch.go:40] Failed to load config from "/home/zakariya/SkillSwap/dataconnect": could not find dataconnect.yaml in `/home/zakariya/SkillSwap/dataconnect`
E0127 10:10:57.790086    4309 watch.go:116] watchAllDir unable to walk dir `/home/zakariya/SkillSwap/dataconnect`: lstat /home/zakariya/SkillSwap/dataconnect: no such file or directory
E0127 10:10:57.790159    4309 watch.go:40] Failed to load config from "/home/zakariya/SkillSwap/dataconnect": could not find dataconnect.yaml in `/home/zakariya/SkillSwap/dataconnect`
E0127 10:11:07.798757    4309 watch.go:40] Failed to load config from "/home/zakariya/SkillSwap/dataconnect": could not find dataconnect.yaml in `/home/zakariya/SkillSwap/dataconnect`
E0127 10:11:17.798763    4309 watch.go:40] Failed to load config from "/home/zakariya/SkillSwap/dataconnect": could not find dataconnect.yaml in `/home/zakariya/SkillSwap/dataconnect`
E0127 10:11:27.789941    4309 watch.go:40] Failed to load config from "/home/zakariya/SkillSwap/dataconnect": could not find dataconnect.yaml in `/home/zakariya/SkillSwap/dataconnect`
E0127 10:11:37.798742    4309 watch.go:40] Failed to load config from "/home/zakariya/SkillSwap/dataconnect": could not find dataconnect.yaml in `/home/zakariya/SkillSwap/dataconnect`
E0127 10:11:47.798719    4309 watch.go:40] Failed to load config from "/home/zakariya/SkillSwap/dataconnect": could not find dataconnect.yaml in `/home/zakariya/SkillSwap/dataconnect`
E0127 10:11:57.789831    4309 watch.go:116] watchAllDir unable to walk dir `/home/zakariya/SkillSwap/dataconnect`: lstat /home/zakariya/SkillSwap/dataconnect: no such file or directory
E0127 10:11:57.790174    4309 watch.go:40] Failed to load config from "/home/zakariya/SkillSwap/dataconnect": could not find dataconnect.yaml in `/home/zakariya/SkillSwap/dataconnect`
E0127 10:12:07.798804    4309 watch.go:40] Failed to load config from "/home/zakariya/SkillSwap/dataconnect": could not find dataconnect.yaml in `/home/zakariya/SkillSwap/dataconnect`
E0127 10:12:17.798730    4309 watch.go:40] Failed to load config from "/home/zakariya/SkillSwap/dataconnect": could not find dataconnect.yaml in `/home/zakariya/SkillSwap/dataconnect`
E0127 10:12:27.789942    4309 watch.go:40] Failed to load config from "/home/zakariya/SkillSwap/dataconnect": could not find dataconnect.yaml in `/home/zakariya/SkillSwap/dataconnect`
E0127 10:12:37.798745    4309 watch.go:40] Failed to load config from "/home/zakariya/SkillSwap/dataconnect": could not find dataconnect.yaml in `/home/zakariya/SkillSwap/dataconnect`
E0127 10:12:47.798948    4309 watch.go:40] Failed to load config from "/home/zakariya/SkillSwap/dataconnect": could not find dataconnect.yaml in `/home/zakariya/SkillSwap/dataconnect`
E0127 10:12:57.790062    4309 watch.go:116] watchAllDir unable to walk dir `/home/zakariya/SkillSwap/dataconnect`: lstat /home/zakariya/SkillSwap/dataconnect: no such file or directory
E0127 10:12:57.790165    4309 watch.go:40] Failed to load config from "/home/zakariya/SkillSwap/dataconnect": could not find dataconnect.yaml in `/home/zakariya/SkillSwap/dataconnect`
E0127 10:13:07.804251    4309 watch.go:40] Failed to load config from "/home/zakariya/SkillSwap/dataconnect": could not find dataconnect.yaml in `/home/zakariya/SkillSwap/dataconnect`
E0127 10:13:17.798772    4309 watch.go:40] Failed to load config from "/home/zakariya/SkillSwap/dataconnect": could not find dataconnect.yaml in `/home/zakariya/SkillSwap/dataconnect`
E0127 10:13:27.790231    4309 watch.go:40] Failed to load config from "/home/zakariya/SkillSwap/dataconnect": could not find dataconnect.yaml in `/home/zakariya/SkillSwap/dataconnect`
E0127 10:13:37.798736    4309 watch.go:40] Failed to load config from "/home/zakariya/SkillSwap/dataconnect": could not find dataconnect.yaml in `/home/zakariya/SkillSwap/dataconnect`
E0127 10:13:47.798852    4309 watch.go:40] Failed to load config from "/home/zakariya/SkillSwap/dataconnect": could not find dataconnect.yaml in `/home/zakariya/SkillSwap/dataconnect`
E0127 10:13:57.789821    4309 watch.go:116] watchAllDir unable to walk dir `/home/zakariya/SkillSwap/dataconnect`: lstat /home/zakariya/SkillSwap/dataconnect: no such file or directory
E0127 10:13:57.789849    4309 watch.go:40] Failed to load config from "/home/zakariya/SkillSwap/dataconnect": could not find dataconnect.yaml in `/home/zakariya/SkillSwap/dataconnect`
E0127 10:14:07.791828    4309 watch.go:40] Failed to load config from "/home/zakariya/SkillSwap/dataconnect": could not find dataconnect.yaml in `/home/zakariya/SkillSwap/dataconnect`
E0127 10:14:17.798708    4309 watch.go:40] Failed to load config from "/home/zakariya/SkillSwap/dataconnect": could not find dataconnect.yaml in `/home/zakariya/SkillSwap/dataconnect`
E0127 10:14:27.790002    4309 watch.go:40] Failed to load config from "/home/zakariya/SkillSwap/dataconnect": could not find dataconnect.yaml in `/home/zakariya/SkillSwap/dataconnect`
E0127 10:14:37.798708    4309 watch.go:40] Failed to load config from "/home/zakariya/SkillSwap/dataconnect": could not find dataconnect.yaml in `/home/zakariya/SkillSwap/dataconnect`
E0127 10:14:47.798739    4309 watch.go:40] Failed to load config from "/home/zakariya/SkillSwap/dataconnect": could not find dataconnect.yaml in `/home/zakariya/SkillSwap/dataconnect`
E0127 10:14:57.790010    4309 watch.go:116] watchAllDir unable to walk dir `/home/zakariya/SkillSwap/dataconnect`: lstat /home/zakariya/SkillSwap/dataconnect: no such file or directory
E0127 10:14:57.790216    4309 watch.go:40] Failed to load config from "/home/zakariya/SkillSwap/dataconnect": could not find dataconnect.yaml in `/home/zakariya/SkillSwap/dataconnect`
E0127 10:15:07.798732    4309 watch.go:40] Failed to load config from "/home/zakariya/SkillSwap/dataconnect": could not find dataconnect.yaml in `/home/zakariya/SkillSwap/dataconnect`
E0127 10:15:17.798772    4309 watch.go:40] Failed to load config from "/home/zakariya/SkillSwap/dataconnect": could not find dataconnect.yaml in `/home/zakariya/SkillSwap/dataconnect`
E0127 10:15:27.790078    4309 watch.go:40] Failed to load config from "/home/zakariya/SkillSwap/dataconnect": could not find dataconnect.yaml in `/home/zakariya/SkillSwap/dataconnect`
E0127 10:15:37.799370    4309 watch.go:40] Failed to load config from "/home/zakariya/SkillSwap/dataconnect": could not find dataconnect.yaml in `/home/zakariya/SkillSwap/dataconnect`
E0127 10:15:47.799378    4309 watch.go:40] Failed to load config from "/home/zakariya/SkillSwap/dataconnect": could not find dataconnect.yaml in `/home/zakariya/SkillSwap/dataconnect`
E0127 10:15:57.789977    4309 watch.go:116] watchAllDir unable to walk dir `/home/zakariya/SkillSwap/dataconnect`: lstat /home/zakariya/SkillSwap/dataconnect: no such file or directory
E0127 10:15:57.790076    4309 watch.go:40] Failed to load config from "/home/zakariya/SkillSwap/dataconnect": could not find dataconnect.yaml in `/home/zakariya/SkillSwap/dataconnect`
E0127 10:16:07.790309    4309 watch.go:40] Failed to load config from "/home/zakariya/SkillSwap/dataconnect": could not find dataconnect.yaml in `/home/zakariya/SkillSwap/dataconnect`
E0127 10:16:17.789769    4309 watch.go:40] Failed to load config from "/home/zakariya/SkillSwap/dataconnect": could not find dataconnect.yaml in `/home/zakariya/SkillSwap/dataconnect`
E0127 10:16:27.790031    4309 watch.go:40] Failed to load config from "/home/zakariya/SkillSwap/dataconnect": could not find dataconnect.yaml in `/home/zakariya/SkillSwap/dataconnect`
E0127 10:16:37.798862    4309 watch.go:40] Failed to load config from "/home/zakariya/SkillSwap/dataconnect": could not find dataconnect.yaml in `/home/zakariya/SkillSwap/dataconnect`
E0127 10:16:47.798828    4309 watch.go:40] Failed to load config from "/home/zakariya/SkillSwap/dataconnect": could not find dataconnect.yaml in `/home/zakariya/SkillSwap/dataconnect`
E0127 10:16:57.790114    4309 watch.go:116] watchAllDir unable to walk dir `/home/zakariya/SkillSwap/dataconnect`: lstat /home/zakariya/SkillSwap/dataconnect: no such file or directory
E0127 10:16:57.790192    4309 watch.go:40] Failed to load config from "/home/zakariya/SkillSwap/dataconnect": could not find dataconnect.yaml in `/home/zakariya/SkillSwap/dataconnect`
E0127 10:17:07.799487    4309 watch.go:40] Failed to load config from "/home/zakariya/SkillSwap/dataconnect": could not find dataconnect.yaml in `/home/zakariya/SkillSwap/dataconnect`
E0127 10:17:17.798798    4309 watch.go:40] Failed to load config from "/home/zakariya/SkillSwap/dataconnect": could not find dataconnect.yaml in `/home/zakariya/SkillSwap/dataconnect`
E0127 10:17:27.789950    4309 watch.go:40] Failed to load config from "/home/zakariya/SkillSwap/dataconnect": could not find dataconnect.yaml in `/home/zakariya/SkillSwap/dataconnect`
E0127 10:17:37.798782    4309 watch.go:40] Failed to load config from "/home/zakariya/SkillSwap/dataconnect": could not find dataconnect.yaml in `/home/zakariya/SkillSwap/dataconnect`
E0127 10:17:47.798776    4309 watch.go:40] Failed to load config from "/home/zakariya/SkillSwap/dataconnect": could not find dataconnect.yaml in `/home/zakariya/SkillSwap/dataconnect`
E0127 10:17:57.789952    4309 watch.go:116] watchAllDir unable to walk dir `/home/zakariya/SkillSwap/dataconnect`: lstat /home/zakariya/SkillSwap/dataconnect: no such file or directory
E0127 10:17:57.790062    4309 watch.go:40] Failed to load config from "/home/zakariya/SkillSwap/dataconnect": could not find dataconnect.yaml in `/home/zakariya/SkillSwap/dataconnect`
E0127 10:18:07.799365    4309 watch.go:40] Failed to load config from "/home/zakariya/SkillSwap/dataconnect": could not find dataconnect.yaml in `/home/zakariya/SkillSwap/dataconnect`
E0127 10:18:17.789862    4309 watch.go:40] Failed to load config from "/home/zakariya/SkillSwap/dataconnect": could not find dataconnect.yaml in `/home/zakariya/SkillSwap/dataconnect`
E0127 10:18:27.789847    4309 watch.go:40] Failed to load config from "/home/zakariya/SkillSwap/dataconnect": could not find dataconnect.yaml in `/home/zakariya/SkillSwap/dataconnect`
E0127 10:18:37.798818    4309 watch.go:40] Failed to load config from "/home/zakariya/SkillSwap/dataconnect": could not find dataconnect.yaml in `/home/zakariya/SkillSwap/dataconnect`
E0127 10:18:47.798709    4309 watch.go:40] Failed to load config from "/home/zakariya/SkillSwap/dataconnect": could not find dataconnect.yaml in `/home/zakariya/SkillSwap/dataconnect`
E0127 10:18:57.790050    4309 watch.go:40] Failed to load config from "/home/zakariya/SkillSwap/dataconnect": could not find dataconnect.yaml in `/home/zakariya/SkillSwap/dataconnect`
E0127 10:18:57.789946    4309 watch.go:116] watchAllDir unable to walk dir `/home/zakariya/SkillSwap/dataconnect`: lstat /home/zakariya/SkillSwap/dataconnect: no such file or directory
E0127 10:19:07.798745    4309 watch.go:40] Failed to load config from "/home/zakariya/SkillSwap/dataconnect": could not find dataconnect.yaml in `/home/zakariya/SkillSwap/dataconnect`
E0127 10:19:17.798902    4309 watch.go:40] Failed to load config from "/home/zakariya/SkillSwap/dataconnect": could not find dataconnect.yaml in `/home/zakariya/SkillSwap/dataconnect`
E0127 10:19:27.790244    4309 watch.go:40] Failed to load config from "/home/zakariya/SkillSwap/dataconnect": could not find dataconnect.yaml in `/home/zakariya/SkillSwap/dataconnect`
E0127 10:19:37.794280    4309 watch.go:40] Failed to load config from "/home/zakariya/SkillSwap/dataconnect": could not find dataconnect.yaml in `/home/zakariya/SkillSwap/dataconnect`
E0127 10:19:47.798897    4309 watch.go:40] Failed to load config from "/home/zakariya/SkillSwap/dataconnect": could not find dataconnect.yaml in `/home/zakariya/SkillSwap/dataconnect`
E0127 10:19:57.790041    4309 watch.go:116] watchAllDir unable to walk dir `/home/zakariya/SkillSwap/dataconnect`: lstat /home/zakariya/SkillSwap/dataconnect: no such file or directory
E0127 10:19:57.790138    4309 watch.go:40] Failed to load config from "/home/zakariya/SkillSwap/dataconnect": could not find dataconnect.yaml in `/home/zakariya/SkillSwap/dataconnect`
E0127 10:20:07.798790    4309 watch.go:40] Failed to load config from "/home/zakariya/SkillSwap/dataconnect": could not find dataconnect.yaml in `/home/zakariya/SkillSwap/dataconnect`
E0127 10:20:17.798890    4309 watch.go:40] Failed to load config from "/home/zakariya/SkillSwap/dataconnect": could not find dataconnect.yaml in `/home/zakariya/SkillSwap/dataconnect`
E0127 10:20:27.789726    4309 watch.go:40] Failed to load config from "/home/zakariya/SkillSwap/dataconnect": could not find dataconnect.yaml in `/home/zakariya/SkillSwap/dataconnect`
E0127 10:20:37.798766    4309 watch.go:40] Failed to load config from "/home/zakariya/SkillSwap/dataconnect": could not find dataconnect.yaml in `/home/zakariya/SkillSwap/dataconnect`
E0127 10:20:47.798976    4309 watch.go:40] Failed to load config from "/home/zakariya/SkillSwap/dataconnect": could not find dataconnect.yaml in `/home/zakariya/SkillSwap/dataconnect`
E0127 10:20:57.790383    4309 watch.go:116] watchAllDir unable to walk dir `/home/zakariya/SkillSwap/dataconnect`: lstat /home/zakariya/SkillSwap/dataconnect: no such file or directory
E0127 10:20:57.790459    4309 watch.go:40] Failed to load config from "/home/zakariya/SkillSwap/dataconnect": could not find dataconnect.yaml in `/home/zakariya/SkillSwap/dataconnect`
E0127 10:21:07.799560    4309 watch.go:40] Failed to load config from "/home/zakariya/SkillSwap/dataconnect": could not find dataconnect.yaml in `/home/zakariya/SkillSwap/dataconnect`
E0127 10:21:17.793696    4309 watch.go:40] Failed to load config from "/home/zakariya/SkillSwap/dataconnect": could not find dataconnect.yaml in `/home/zakariya/SkillSwap/dataconnect`
E0127 10:21:27.789878    4309 watch.go:40] Failed to load config from "/home/zakariya/SkillSwap/dataconnect": could not find dataconnect.yaml in `/home/zakariya/SkillSwap/dataconnect`
E0127 10:21:37.798853    4309 watch.go:40] Failed to load config from "/home/zakariya/SkillSwap/dataconnect": could not find dataconnect.yaml in `/home/zakariya/SkillSwap/dataconnect`
E0127 10:21:47.798742    4309 watch.go:40] Failed to load config from "/home/zakariya/SkillSwap/dataconnect": could not find dataconnect.yaml in `/home/zakariya/SkillSwap/dataconnect`
E0127 10:21:57.789906    4309 watch.go:116] watchAllDir unable to walk dir `/home/zakariya/SkillSwap/dataconnect`: lstat /home/zakariya/SkillSwap/dataconnect: no such file or directory
E0127 10:21:57.789926    4309 watch.go:40] Failed to load config from "/home/zakariya/SkillSwap/dataconnect": could not find dataconnect.yaml in `/home/zakariya/SkillSwap/dataconnect`
E0127 10:22:07.798780    4309 watch.go:40] Failed to load config from "/home/zakariya/SkillSwap/dataconnect": could not find dataconnect.yaml in `/home/zakariya/SkillSwap/dataconnect`
E0127 10:22:17.798984    4309 watch.go:40] Failed to load config from "/home/zakariya/SkillSwap/dataconnect": could not find dataconnect.yaml in `/home/zakariya/SkillSwap/dataconnect`
E0127 10:22:27.790549    4309 watch.go:40] Failed to load config from "/home/zakariya/SkillSwap/dataconnect": could not find dataconnect.yaml in `/home/zakariya/SkillSwap/dataconnect`
E0127 10:22:37.789728    4309 watch.go:40] Failed to load config from "/home/zakariya/SkillSwap/dataconnect": could not find dataconnect.yaml in `/home/zakariya/SkillSwap/dataconnect`
E0127 10:22:47.798896    4309 watch.go:40] Failed to load config from "/home/zakariya/SkillSwap/dataconnect": could not find dataconnect.yaml in `/home/zakariya/SkillSwap/dataconnect`
E0127 10:22:57.790148    4309 watch.go:116] watchAllDir unable to walk dir `/home/zakariya/SkillSwap/dataconnect`: lstat /home/zakariya/SkillSwap/dataconnect: no such file or directory
E0127 10:22:57.790306    4309 watch.go:40] Failed to load config from "/home/zakariya/SkillSwap/dataconnect": could not find dataconnect.yaml in `/home/zakariya/SkillSwap/dataconnect`
E0127 10:23:07.799518    4309 watch.go:40] Failed to load config from "/home/zakariya/SkillSwap/dataconnect": could not find dataconnect.yaml in `/home/zakariya/SkillSwap/dataconnect`
E0127 10:23:17.791273    4309 watch.go:40] Failed to load config from "/home/zakariya/SkillSwap/dataconnect": could not find dataconnect.yaml in `/home/zakariya/SkillSwap/dataconnect`
E0127 10:23:27.790091    4309 watch.go:40] Failed to load config from "/home/zakariya/SkillSwap/dataconnect": could not find dataconnect.yaml in `/home/zakariya/SkillSwap/dataconnect`
E0127 10:23:37.798883    4309 watch.go:40] Failed to load config from "/home/zakariya/SkillSwap/dataconnect": could not find dataconnect.yaml in `/home/zakariya/SkillSwap/dataconnect`
E0127 10:23:47.798789    4309 watch.go:40] Failed to load config from "/home/zakariya/SkillSwap/dataconnect": could not find dataconnect.yaml in `/home/zakariya/SkillSwap/dataconnect`
E0127 10:23:57.789973    4309 watch.go:116] watchAllDir unable to walk dir `/home/zakariya/SkillSwap/dataconnect`: lstat /home/zakariya/SkillSwap/dataconnect: no such file or directory
E0127 10:23:57.790046    4309 watch.go:40] Failed to load config from "/home/zakariya/SkillSwap/dataconnect": could not find dataconnect.yaml in `/home/zakariya/SkillSwap/dataconnect`
E0127 10:24:07.799176    4309 watch.go:40] Failed to load config from "/home/zakariya/SkillSwap/dataconnect": could not find dataconnect.yaml in `/home/zakariya/SkillSwap/dataconnect`
E0127 10:24:17.798872    4309 watch.go:40] Failed to load config from "/home/zakariya/SkillSwap/dataconnect": could not find dataconnect.yaml in `/home/zakariya/SkillSwap/dataconnect`
E0127 10:24:27.789938    4309 watch.go:40] Failed to load config from "/home/zakariya/SkillSwap/dataconnect": could not find dataconnect.yaml in `/home/zakariya/SkillSwap/dataconnect`
E0127 10:24:37.790237    4309 watch.go:40] Failed to load config from "/home/zakariya/SkillSwap/dataconnect": could not find dataconnect.yaml in `/home/zakariya/SkillSwap/dataconnect`
E0127 10:24:47.789821    4309 watch.go:40] Failed to load config from "/home/zakariya/SkillSwap/dataconnect": could not find dataconnect.yaml in `/home/zakariya/SkillSwap/dataconnect`
E0127 10:24:57.790080    4309 watch.go:116] watchAllDir unable to walk dir `/home/zakariya/SkillSwap/dataconnect`: lstat /home/zakariya/SkillSwap/dataconnect: no such file or directory
E0127 10:24:57.790151    4309 watch.go:40] Failed to load config from "/home/zakariya/SkillSwap/dataconnect": could not find dataconnect.yaml in `/home/zakariya/SkillSwap/dataconnect`
E0127 10:25:07.798900    4309 watch.go:40] Failed to load config from "/home/zakariya/SkillSwap/dataconnect": could not find dataconnect.yaml in `/home/zakariya/SkillSwap/dataconnect`
E0127 10:25:17.798803    4309 watch.go:40] Failed to load config from "/home/zakariya/SkillSwap/dataconnect": could not find dataconnect.yaml in `/home/zakariya/SkillSwap/dataconnect`
E0127 10:25:27.790435    4309 watch.go:40] Failed to load config from "/home/zakariya/SkillSwap/dataconnect": could not find dataconnect.yaml in `/home/zakariya/SkillSwap/dataconnect`
E0127 10:25:37.798787    4309 watch.go:40] Failed to load config from "/home/zakariya/SkillSwap/dataconnect": could not find dataconnect.yaml in `/home/zakariya/SkillSwap/dataconnect`
E0127 10:25:47.798792    4309 watch.go:40] Failed to load config from "/home/zakariya/SkillSwap/dataconnect": could not find dataconnect.yaml in `/home/zakariya/SkillSwap/dataconnect`
E0127 10:25:57.789873    4309 watch.go:116] watchAllDir unable to walk dir `/home/zakariya/SkillSwap/dataconnect`: lstat /home/zakariya/SkillSwap/dataconnect: no such file or directory
E0127 10:25:57.789923    4309 watch.go:40] Failed to load config from "/home/zakariya/SkillSwap/dataconnect": could not find dataconnect.yaml in `/home/zakariya/SkillSwap/dataconnect`
E0127 10:26:07.799214    4309 watch.go:40] Failed to load config from "/home/zakariya/SkillSwap/dataconnect": could not find dataconnect.yaml in `/home/zakariya/SkillSwap/dataconnect`
E0127 10:26:17.791696    4309 watch.go:40] Failed to load config from "/home/zakariya/SkillSwap/dataconnect": could not find dataconnect.yaml in `/home/zakariya/SkillSwap/dataconnect`
E0127 10:26:27.789984    4309 watch.go:40] Failed to load config from "/home/zakariya/SkillSwap/dataconnect": could not find dataconnect.yaml in `/home/zakariya/SkillSwap/dataconnect`
E0127 10:26:37.798915    4309 watch.go:40] Failed to load config from "/home/zakariya/SkillSwap/dataconnect": could not find dataconnect.yaml in `/home/zakariya/SkillSwap/dataconnect`
E0127 10:26:47.790177    4309 watch.go:40] Failed to load config from "/home/zakariya/SkillSwap/dataconnect": could not find dataconnect.yaml in `/home/zakariya/SkillSwap/dataconnect`
E0127 10:26:57.789602    4309 watch.go:116] watchAllDir unable to walk dir `/home/zakariya/SkillSwap/dataconnect`: lstat /home/zakariya/SkillSwap/dataconnect: no such file or directory
E0127 10:26:57.789761    4309 watch.go:40] Failed to load config from "/home/zakariya/SkillSwap/dataconnect": could not find dataconnect.yaml in `/home/zakariya/SkillSwap/dataconnect`
E0127 10:27:07.798869    4309 watch.go:40] Failed to load config from "/home/zakariya/SkillSwap/dataconnect": could not find dataconnect.yaml in `/home/zakariya/SkillSwap/dataconnect`
E0127 10:27:17.799009    4309 watch.go:40] Failed to load config from "/home/zakariya/SkillSwap/dataconnect": could not find dataconnect.yaml in `/home/zakariya/SkillSwap/dataconnect`
E0127 10:27:27.789909    4309 watch.go:40] Failed to load config from "/home/zakariya/SkillSwap/dataconnect": could not find dataconnect.yaml in `/home/zakariya/SkillSwap/dataconnect`
E0127 10:27:37.799152    4309 watch.go:40] Failed to load config from "/home/zakariya/SkillSwap/dataconnect": could not find dataconnect.yaml in `/home/zakariya/SkillSwap/dataconnect`
E0127 10:27:47.798776    4309 watch.go:40] Failed to load config from "/home/zakariya/SkillSwap/dataconnect": could not find dataconnect.yaml in `/home/zakariya/SkillSwap/dataconnect`
E0127 10:27:57.789854    4309 watch.go:116] watchAllDir unable to walk dir `/home/zakariya/SkillSwap/dataconnect`: lstat /home/zakariya/SkillSwap/dataconnect: no such file or directory
E0127 10:27:57.789954    4309 watch.go:40] Failed to load config from "/home/zakariya/SkillSwap/dataconnect": could not find dataconnect.yaml in `/home/zakariya/SkillSwap/dataconnect`
E0127 10:28:07.798799    4309 watch.go:40] Failed to load config from "/home/zakariya/SkillSwap/dataconnect": could not find dataconnect.yaml in `/home/zakariya/SkillSwap/dataconnect`
E0127 10:28:17.798924    4309 watch.go:40] Failed to load config from "/home/zakariya/SkillSwap/dataconnect": could not find dataconnect.yaml in `/home/zakariya/SkillSwap/dataconnect`
E0127 10:28:27.789966    4309 watch.go:40] Failed to load config from "/home/zakariya/SkillSwap/dataconnect": could not find dataconnect.yaml in `/home/zakariya/SkillSwap/dataconnect`
E0127 10:28:37.798783    4309 watch.go:40] Failed to load config from "/home/zakariya/SkillSwap/dataconnect": could not find dataconnect.yaml in `/home/zakariya/SkillSwap/dataconnect`
E0127 10:28:47.798750    4309 watch.go:40] Failed to load config from "/home/zakariya/SkillSwap/dataconnect": could not find dataconnect.yaml in `/home/zakariya/SkillSwap/dataconnect`
E0127 10:28:57.789683    4309 watch.go:116] watchAllDir unable to walk dir `/home/zakariya/SkillSwap/dataconnect`: lstat /home/zakariya/SkillSwap/dataconnect: no such file or directory
E0127 10:28:57.789840    4309 watch.go:40] Failed to load config from "/home/zakariya/SkillSwap/dataconnect": could not find dataconnect.yaml in `/home/zakariya/SkillSwap/dataconnect`
E0127 10:29:07.798743    4309 watch.go:40] Failed to load config from "/home/zakariya/SkillSwap/dataconnect": could not find dataconnect.yaml in `/home/zakariya/SkillSwap/dataconnect`
E0127 10:29:17.798713    4309 watch.go:40] Failed to load config from "/home/zakariya/SkillSwap/dataconnect": could not find dataconnect.yaml in `/home/zakariya/SkillSwap/dataconnect`
E0127 10:29:27.790477    4309 watch.go:40] Failed to load config from "/home/zakariya/SkillSwap/dataconnect": could not find dataconnect.yaml in `/home/zakariya/SkillSwap/dataconnect`
E0127 10:29:37.798779    4309 watch.go:40] Failed to load config from "/home/zakariya/SkillSwap/dataconnect": could not find dataconnect.yaml in `/home/zakariya/SkillSwap/dataconnect`
E0127 10:29:47.798756    4309 watch.go:40] Failed to load config from "/home/zakariya/SkillSwap/dataconnect": could not find dataconnect.yaml in `/home/zakariya/SkillSwap/dataconnect`
E0127 10:29:57.789802    4309 watch.go:116] watchAllDir unable to walk dir `/home/zakariya/SkillSwap/dataconnect`: lstat /home/zakariya/SkillSwap/dataconnect: no such file or directory
E0127 10:29:57.789846    4309 watch.go:40] Failed to load config from "/home/zakariya/SkillSwap/dataconnect": could not find dataconnect.yaml in `/home/zakariya/SkillSwap/dataconnect`
E0127 10:30:07.798750    4309 watch.go:40] Failed to load config from "/home/zakariya/SkillSwap/dataconnect": could not find dataconnect.yaml in `/home/zakariya/SkillSwap/dataconnect`
E0127 10:30:17.798795    4309 watch.go:40] Failed to load config from "/home/zakariya/SkillSwap/dataconnect": could not find dataconnect.yaml in `/home/zakariya/SkillSwap/dataconnect`
E0127 10:30:27.789902    4309 watch.go:40] Failed to load config from "/home/zakariya/SkillSwap/dataconnect": could not find dataconnect.yaml in `/home/zakariya/SkillSwap/dataconnect`
E0127 10:30:37.798776    4309 watch.go:40] Failed to load config from "/home/zakariya/SkillSwap/dataconnect": could not find dataconnect.yaml in `/home/zakariya/SkillSwap/dataconnect`
E0127 10:30:47.798789    4309 watch.go:40] Failed to load config from "/home/zakariya/SkillSwap/dataconnect": could not find dataconnect.yaml in `/home/zakariya/SkillSwap/dataconnect`
E0127 10:30:57.790112    4309 watch.go:40] Failed to load config from "/home/zakariya/SkillSwap/dataconnect": could not find dataconnect.yaml in `/home/zakariya/SkillSwap/dataconnect`
E0127 10:30:57.790128    4309 watch.go:116] watchAllDir unable to walk dir `/home/zakariya/SkillSwap/dataconnect`: lstat /home/zakariya/SkillSwap/dataconnect: no such file or directory
E0127 10:31:07.789783    4309 watch.go:40] Failed to load config from "/home/zakariya/SkillSwap/dataconnect": could not find dataconnect.yaml in `/home/zakariya/SkillSwap/dataconnect`
E0127 10:31:17.789919    4309 watch.go:40] Failed to load config from "/home/zakariya/SkillSwap/dataconnect": could not find dataconnect.yaml in `/home/zakariya/SkillSwap/dataconnect`
E0127 10:31:27.789834    4309 watch.go:40] Failed to load config from "/home/zakariya/SkillSwap/dataconnect": could not find dataconnect.yaml in `/home/zakariya/SkillSwap/dataconnect`
E0127 10:31:37.798744    4309 watch.go:40] Failed to load config from "/home/zakariya/SkillSwap/dataconnect": could not find dataconnect.yaml in `/home/zakariya/SkillSwap/dataconnect`
E0127 10:31:47.798892    4309 watch.go:40] Failed to load config from "/home/zakariya/SkillSwap/dataconnect": could not find dataconnect.yaml in `/home/zakariya/SkillSwap/dataconnect`
E0127 10:31:57.789788    4309 watch.go:116] watchAllDir unable to walk dir `/home/zakariya/SkillSwap/dataconnect`: lstat /home/zakariya/SkillSwap/dataconnect: no such file or directory
E0127 10:31:57.789927    4309 watch.go:40] Failed to load config from "/home/zakariya/SkillSwap/dataconnect": could not find dataconnect.yaml in `/home/zakariya/SkillSwap/dataconnect`
E0127 10:32:07.798802    4309 watch.go:40] Failed to load config from "/home/zakariya/SkillSwap/dataconnect": could not find dataconnect.yaml in `/home/zakariya/SkillSwap/dataconnect`
E0127 10:32:17.798710    4309 watch.go:40] Failed to load config from "/home/zakariya/SkillSwap/dataconnect": could not find dataconnect.yaml in `/home/zakariya/SkillSwap/dataconnect`
E0127 10:32:27.790034    4309 watch.go:40] Failed to load config from "/home/zakariya/SkillSwap/dataconnect": could not find dataconnect.yaml in `/home/zakariya/SkillSwap/dataconnect`
E0127 10:32:37.798921    4309 watch.go:40] Failed to load config from "/home/zakariya/SkillSwap/dataconnect": could not find dataconnect.yaml in `/home/zakariya/SkillSwap/dataconnect`
E0127 10:32:47.798749    4309 watch.go:40] Failed to load config from "/home/zakariya/SkillSwap/dataconnect": could not find dataconnect.yaml in `/home/zakariya/SkillSwap/dataconnect`
E0127 10:32:57.790139    4309 watch.go:116] watchAllDir unable to walk dir `/home/zakariya/SkillSwap/dataconnect`: lstat /home/zakariya/SkillSwap/dataconnect: no such file or directory
E0127 10:32:57.790266    4309 watch.go:40] Failed to load config from "/home/zakariya/SkillSwap/dataconnect": could not find dataconnect.yaml in `/home/zakariya/SkillSwap/dataconnect`
E0127 10:33:07.790376    4309 watch.go:40] Failed to load config from "/home/zakariya/SkillSwap/dataconnect": could not find dataconnect.yaml in `/home/zakariya/SkillSwap/dataconnect`
E0127 10:33:17.789714    4309 watch.go:40] Failed to load config from "/home/zakariya/SkillSwap/dataconnect": could not find dataconnect.yaml in `/home/zakariya/SkillSwap/dataconnect`
E0127 10:33:27.792310    4309 watch.go:40] Failed to load config from "/home/zakariya/SkillSwap/dataconnect": could not find dataconnect.yaml in `/home/zakariya/SkillSwap/dataconnect`
E0127 10:33:37.798865    4309 watch.go:40] Failed to load config from "/home/zakariya/SkillSwap/dataconnect": could not find dataconnect.yaml in `/home/zakariya/SkillSwap/dataconnect`
E0127 10:33:47.798932    4309 watch.go:40] Failed to load config from "/home/zakariya/SkillSwap/dataconnect": could not find dataconnect.yaml in `/home/zakariya/SkillSwap/dataconnect`
E0127 10:33:57.790097    4309 watch.go:40] Failed to load config from "/home/zakariya/SkillSwap/dataconnect": could not find dataconnect.yaml in `/home/zakariya/SkillSwap/dataconnect`
E0127 10:33:57.789844    4309 watch.go:116] watchAllDir unable to walk dir `/home/zakariya/SkillSwap/dataconnect`: lstat /home/zakariya/SkillSwap/dataconnect: no such file or directory
E0127 10:34:07.798756    4309 watch.go:40] Failed to load config from "/home/zakariya/SkillSwap/dataconnect": could not find dataconnect.yaml in `/home/zakariya/SkillSwap/dataconnect`
E0127 10:34:17.801120    4309 watch.go:40] Failed to load config from "/home/zakariya/SkillSwap/dataconnect": could not find dataconnect.yaml in `/home/zakariya/SkillSwap/dataconnect`
E0127 10:34:27.790156    4309 watch.go:40] Failed to load config from "/home/zakariya/SkillSwap/dataconnect": could not find dataconnect.yaml in `/home/zakariya/SkillSwap/dataconnect`
E0127 10:34:37.802155    4309 watch.go:40] Failed to load config from "/home/zakariya/SkillSwap/dataconnect": could not find dataconnect.yaml in `/home/zakariya/SkillSwap/dataconnect`
E0127 10:34:47.799102    4309 watch.go:40] Failed to load config from "/home/zakariya/SkillSwap/dataconnect": could not find dataconnect.yaml in `/home/zakariya/SkillSwap/dataconnect`
E0127 10:34:57.789923    4309 watch.go:116] watchAllDir unable to walk dir `/home/zakariya/SkillSwap/dataconnect`: lstat /home/zakariya/SkillSwap/dataconnect: no such file or directory
E0127 10:34:57.790329    4309 watch.go:40] Failed to load config from "/home/zakariya/SkillSwap/dataconnect": could not find dataconnect.yaml in `/home/zakariya/SkillSwap/dataconnect`
